This file contains any messages produced by compilers while
running configure, to aid debugging if configure makes a mistake.

It was created by ext3grep configure 0.7.0, which was
generated by GNU Autoconf 2.61.  Invocation command line was

  $ ./configure 

## --------- ##
## Platform. ##
## --------- ##

hostname = null.cs.rutgers.edu
uname -m = x86_64
uname -r = 2.6.32-358.14.1.el6.x86_64
uname -s = Linux
uname -v = #1 SMP Tue Jul 16 23:51:20 UTC 2013

/usr/bin/uname -p = unknown
/bin/uname -X     = unknown

/bin/arch              = x86_64
/usr/bin/arch -k       = unknown
/usr/convex/getsysinfo = unknown
/usr/bin/hostinfo      = unknown
/bin/machine           = unknown
/usr/bin/oslevel       = unknown
/bin/universe          = unknown

PATH: /usr/lib64/qt-3.3/bin
PATH: /usr/kerberos/sbin
PATH: /usr/kerberos/bin
PATH: /usr/local/bin
PATH: /bin
PATH: /usr/bin
PATH: /usr/local/sbin
PATH: /usr/sbin
PATH: /sbin


## ----------- ##
## Core tests. ##
## ----------- ##

configure:1843: checking for a BSD-compatible install
configure:1899: result: /usr/bin/install -c
configure:1910: checking whether build environment is sane
configure:1953: result: yes
configure:1981: checking for a thread-safe mkdir -p
configure:2020: result: /bin/mkdir -p
configure:2033: checking for gawk
configure:2049: found /bin/gawk
configure:2060: result: gawk
configure:2071: checking whether make sets $(MAKE)
configure:2092: result: yes
configure:2281: checking whether to enable maintainer-specific portions of Makefiles
configure:2290: result: no
configure:2369: checking for gcc
configure:2385: found /usr/bin/gcc
configure:2396: result: gcc
configure:2634: checking for C compiler version
configure:2641: gcc --version >&5
gcc (GCC) 4.4.7 20120313 (Red Hat 4.4.7-3)
Copyright (C) 2010 Free Software Foundation, Inc.
This is free software; see the source for copying conditions.  There is NO
warranty; not even for MERCHANTABILITY or FITNESS FOR A PARTICULAR PURPOSE.

configure:2644: $? = 0
configure:2651: gcc -v >&5
Using built-in specs.
Target: x86_64-redhat-linux
Configured with: ../configure --prefix=/usr --mandir=/usr/share/man --infodir=/usr/share/info --with-bugurl=http://bugzilla.redhat.com/bugzilla --enable-bootstrap --enable-shared --enable-threads=posix --enable-checking=release --with-system-zlib --enable-__cxa_atexit --disable-libunwind-exceptions --enable-gnu-unique-object --enable-languages=c,c++,objc,obj-c++,java,fortran,ada --enable-java-awt=gtk --disable-dssi --with-java-home=/usr/lib/jvm/java-1.5.0-gcj-1.5.0.0/jre --enable-libgcj-multifile --enable-java-maintainer-mode --with-ecj-jar=/usr/share/java/eclipse-ecj.jar --disable-libjava-multilib --with-ppl --with-cloog --with-tune=generic --with-arch_32=i686 --build=x86_64-redhat-linux
Thread model: posix
gcc version 4.4.7 20120313 (Red Hat 4.4.7-3) (GCC) 
configure:2654: $? = 0
configure:2661: gcc -V >&5
gcc: '-V' option must have argument
configure:2664: $? = 1
configure:2687: checking for C compiler default output file name
configure:2714: gcc    conftest.c  >&5
configure:2717: $? = 0
configure:2755: result: a.out
configure:2772: checking whether the C compiler works
configure:2782: ./a.out
configure:2785: $? = 0
configure:2802: result: yes
configure:2809: checking whether we are cross compiling
configure:2811: result: no
configure:2814: checking for suffix of executables
configure:2821: gcc -o conftest    conftest.c  >&5
configure:2824: $? = 0
configure:2848: result: 
configure:2854: checking for suffix of object files
configure:2880: gcc -c   conftest.c >&5
configure:2883: $? = 0
configure:2906: result: o
configure:2910: checking whether we are using the GNU C compiler
configure:2939: gcc -c   conftest.c >&5
configure:2945: $? = 0
configure:2962: result: yes
configure:2967: checking whether gcc accepts -g
configure:2997: gcc -c -g  conftest.c >&5
configure:3003: $? = 0
configure:3102: result: yes
configure:3119: checking for gcc option to accept ISO C89
configure:3193: gcc  -c -g -O2  conftest.c >&5
configure:3199: $? = 0
configure:3222: result: none needed
configure:3251: checking for style of include used by make
configure:3279: result: GNU
configure:3304: checking dependency style of gcc
configure:3395: result: pch
configure:3468: checking for g++
configure:3484: found /usr/bin/g++
configure:3495: result: g++
configure:3526: checking for C++ compiler version
configure:3533: g++ --version >&5
g++ (GCC) 4.4.7 20120313 (Red Hat 4.4.7-3)
Copyright (C) 2010 Free Software Foundation, Inc.
This is free software; see the source for copying conditions.  There is NO
warranty; not even for MERCHANTABILITY or FITNESS FOR A PARTICULAR PURPOSE.

configure:3536: $? = 0
configure:3543: g++ -v >&5
Using built-in specs.
Target: x86_64-redhat-linux
Configured with: ../configure --prefix=/usr --mandir=/usr/share/man --infodir=/usr/share/info --with-bugurl=http://bugzilla.redhat.com/bugzilla --enable-bootstrap --enable-shared --enable-threads=posix --enable-checking=release --with-system-zlib --enable-__cxa_atexit --disable-libunwind-exceptions --enable-gnu-unique-object --enable-languages=c,c++,objc,obj-c++,java,fortran,ada --enable-java-awt=gtk --disable-dssi --with-java-home=/usr/lib/jvm/java-1.5.0-gcj-1.5.0.0/jre --enable-libgcj-multifile --enable-java-maintainer-mode --with-ecj-jar=/usr/share/java/eclipse-ecj.jar --disable-libjava-multilib --with-ppl --with-cloog --with-tune=generic --with-arch_32=i686 --build=x86_64-redhat-linux
Thread model: posix
gcc version 4.4.7 20120313 (Red Hat 4.4.7-3) (GCC) 
configure:3546: $? = 0
configure:3553: g++ -V >&5
g++: '-V' option must have argument
configure:3556: $? = 1
configure:3559: checking whether we are using the GNU C++ compiler
configure:3588: g++ -c   conftest.cpp >&5
configure:3594: $? = 0
configure:3611: result: yes
configure:3616: checking whether g++ accepts -g
configure:3646: g++ -c -g  conftest.cpp >&5
configure:3652: $? = 0
configure:3751: result: yes
configure:3776: checking dependency style of g++
configure:3867: result: pch
configure:3887: checking how to run the C++ preprocessor
configure:3923: g++ -E  conftest.cpp
configure:3929: $? = 0
configure:3960: g++ -E  conftest.cpp
conftest.cpp:10:28: error: ac_nonexistent.h: No such file or directory
configure:3966: $? = 1
configure: failed program was:
| /* confdefs.h.  */
| #define PACKAGE_NAME "ext3grep"
| #define PACKAGE_TARNAME "ext3grep"
| #define PACKAGE_VERSION "0.7.0"
| #define PACKAGE_STRING "ext3grep 0.7.0"
| #define PACKAGE_BUGREPORT "carlo@alinoe.com"
| #define PACKAGE "ext3grep"
| #define VERSION "0.7.0"
| /* end confdefs.h.  */
| #include <ac_nonexistent.h>
configure:3999: result: g++ -E
configure:4028: g++ -E  conftest.cpp
configure:4034: $? = 0
configure:4065: g++ -E  conftest.cpp
conftest.cpp:10:28: error: ac_nonexistent.h: No such file or directory
configure:4071: $? = 1
configure: failed program was:
| /* confdefs.h.  */
| #define PACKAGE_NAME "ext3grep"
| #define PACKAGE_TARNAME "ext3grep"
| #define PACKAGE_VERSION "0.7.0"
| #define PACKAGE_STRING "ext3grep 0.7.0"
| #define PACKAGE_BUGREPORT "carlo@alinoe.com"
| #define PACKAGE "ext3grep"
| #define VERSION "0.7.0"
| /* end confdefs.h.  */
| #include <ac_nonexistent.h>
configure:4117: checking build system type
configure:4135: result: x86_64-unknown-linux-gnu
configure:4164: checking how to run the C preprocessor
configure:4204: gcc -E  conftest.c
configure:4210: $? = 0
configure:4241: gcc -E  conftest.c
conftest.c:10:28: error: ac_nonexistent.h: No such file or directory
configure:4247: $? = 1
configure: failed program was:
| /* confdefs.h.  */
| #define PACKAGE_NAME "ext3grep"
| #define PACKAGE_TARNAME "ext3grep"
| #define PACKAGE_VERSION "0.7.0"
| #define PACKAGE_STRING "ext3grep 0.7.0"
| #define PACKAGE_BUGREPORT "carlo@alinoe.com"
| #define PACKAGE "ext3grep"
| #define VERSION "0.7.0"
| /* end confdefs.h.  */
| #include <ac_nonexistent.h>
configure:4280: result: gcc -E
configure:4309: gcc -E  conftest.c
configure:4315: $? = 0
configure:4346: gcc -E  conftest.c
conftest.c:10:28: error: ac_nonexistent.h: No such file or directory
configure:4352: $? = 1
configure: failed program was:
| /* confdefs.h.  */
| #define PACKAGE_NAME "ext3grep"
| #define PACKAGE_TARNAME "ext3grep"
| #define PACKAGE_VERSION "0.7.0"
| #define PACKAGE_STRING "ext3grep 0.7.0"
| #define PACKAGE_BUGREPORT "carlo@alinoe.com"
| #define PACKAGE "ext3grep"
| #define VERSION "0.7.0"
| /* end confdefs.h.  */
| #include <ac_nonexistent.h>
configure:4390: checking for grep that handles long lines and -e
configure:4464: result: /bin/grep
configure:4469: checking for egrep
configure:4547: result: /bin/grep -E
configure:4634: checking host system type
configure:4649: result: x86_64-unknown-linux-gnu
configure:4684: checking if libcwd is available
configure:4727: g++ -o conftest -g -O2   conftest.cpp   >&5
/tmp/ccZL2kpH.o: In function `main':
/ilab/users/df328/Class-Project/CS214/Proj1/ext3grep-0.7.0/conftest.cpp:21: undefined reference to `__libcwd_version'
collect2: ld returned 1 exit status
configure:4733: $? = 1
configure: failed program was:
| /* confdefs.h.  */
| #define PACKAGE_NAME "ext3grep"
| #define PACKAGE_TARNAME "ext3grep"
| #define PACKAGE_VERSION "0.7.0"
| #define PACKAGE_STRING "ext3grep 0.7.0"
| #define PACKAGE_BUGREPORT "carlo@alinoe.com"
| #define PACKAGE "ext3grep"
| #define VERSION "0.7.0"
| /* end confdefs.h.  */
| 
| /* Override any GCC internal prototype to avoid an error.
|    Use char because int might match the return type of a GCC
|    builtin and then its argument prototype would still apply.  */
| #ifdef __cplusplus
| extern "C"
| #endif
| char __libcwd_version ();
| int
| main ()
| {
| return __libcwd_version ();
|   ;
|   return 0;
| }
configure:4757: result: no
configure:4881: checking for compiler with PCH support
configure:4917: result: yes
configure:5022: checking for a BSD-compatible install
configure:5078: result: /usr/bin/install -c
configure:5097: checking for special C compiler options needed for large files
configure:5190: result: no
configure:5196: checking for _FILE_OFFSET_BITS value needed for large files
configure:5231: gcc -c -g -O2  conftest.c >&5
configure:5237: $? = 0
configure:5305: result: no
configure:5443: checking for ANSI C header files
configure:5473: gcc -c -g -O2  conftest.c >&5
configure:5479: $? = 0
configure:5578: gcc -o conftest -g -O2   conftest.c  >&5
configure:5581: $? = 0
configure:5587: ./conftest
configure:5590: $? = 0
configure:5607: result: yes
configure:5631: checking for sys/types.h
configure:5652: gcc -c -g -O2  conftest.c >&5
configure:5658: $? = 0
configure:5674: result: yes
configure:5631: checking for sys/stat.h
configure:5652: gcc -c -g -O2  conftest.c >&5
configure:5658: $? = 0
configure:5674: result: yes
configure:5631: checking for stdlib.h
configure:5652: gcc -c -g -O2  conftest.c >&5
configure:5658: $? = 0
configure:5674: result: yes
configure:5631: checking for string.h
configure:5652: gcc -c -g -O2  conftest.c >&5
configure:5658: $? = 0
configure:5674: result: yes
configure:5631: checking for memory.h
configure:5652: gcc -c -g -O2  conftest.c >&5
configure:5658: $? = 0
configure:5674: result: yes
configure:5631: checking for strings.h
configure:5652: gcc -c -g -O2  conftest.c >&5
configure:5658: $? = 0
configure:5674: result: yes
configure:5631: checking for inttypes.h
configure:5652: gcc -c -g -O2  conftest.c >&5
configure:5658: $? = 0
configure:5674: result: yes
configure:5631: checking for stdint.h
configure:5652: gcc -c -g -O2  conftest.c >&5
configure:5658: $? = 0
configure:5674: result: yes
configure:5631: checking for unistd.h
configure:5652: gcc -c -g -O2  conftest.c >&5
configure:5658: $? = 0
configure:5674: result: yes
configure:5702: checking ext2fs/ext2_fs.h usability
configure:5719: gcc -c -g -O2  conftest.c >&5
configure:5725: $? = 0
configure:5739: result: yes
configure:5743: checking ext2fs/ext2_fs.h presence
configure:5758: gcc -E  conftest.c
configure:5764: $? = 0
configure:5778: result: yes
configure:5811: checking for ext2fs/ext2_fs.h
configure:5819: result: yes
configure:5702: checking ext2fs/ext2fs.h usability
configure:5719: gcc -c -g -O2  conftest.c >&5
configure:5725: $? = 0
configure:5739: result: yes
configure:5743: checking ext2fs/ext2fs.h presence
configure:5758: gcc -E  conftest.c
configure:5764: $? = 0
configure:5778: result: yes
configure:5811: checking for ext2fs/ext2fs.h
configure:5819: result: yes
configure:6025: creating ./config.status

## ---------------------- ##
## Running config.status. ##
## ---------------------- ##

This file was extended by ext3grep config.status 0.7.0, which was
generated by GNU Autoconf 2.61.  Invocation command line was

  CONFIG_FILES    = 
  CONFIG_HEADERS  = 
  CONFIG_LINKS    = 
  CONFIG_COMMANDS = 
  $ ./config.status 

on null.cs.rutgers.edu

config.status:682: creating src/timestamp-sys.h
config.status:682: creating Makefile
config.status:682: creating src/Makefile
config.status:682: creating config.h
config.status:957: executing depfiles commands

## ---------------- ##
## Cache variables. ##
## ---------------- ##

ac_cv_build=x86_64-unknown-linux-gnu
ac_cv_c_compiler_gnu=yes
ac_cv_cxx_compiler_gnu=yes
ac_cv_env_CCC_set=
ac_cv_env_CCC_value=
ac_cv_env_CC_set=
ac_cv_env_CC_value=
ac_cv_env_CFLAGS_set=
ac_cv_env_CFLAGS_value=
ac_cv_env_CPPFLAGS_set=
ac_cv_env_CPPFLAGS_value=
ac_cv_env_CPP_set=
ac_cv_env_CPP_value=
ac_cv_env_CXXCPP_set=
ac_cv_env_CXXCPP_value=
ac_cv_env_CXXFLAGS_set=
ac_cv_env_CXXFLAGS_value=
ac_cv_env_CXX_set=
ac_cv_env_CXX_value=
ac_cv_env_LDFLAGS_set=
ac_cv_env_LDFLAGS_value=
ac_cv_env_LIBS_set=
ac_cv_env_LIBS_value=
ac_cv_env_build_alias_set=
ac_cv_env_build_alias_value=
ac_cv_env_host_alias_set=
ac_cv_env_host_alias_value=
ac_cv_env_target_alias_set=
ac_cv_env_target_alias_value=
ac_cv_header_ext2fs_ext2_fs_h=yes
ac_cv_header_ext2fs_ext2fs_h=yes
ac_cv_header_inttypes_h=yes
ac_cv_header_memory_h=yes
ac_cv_header_stdc=yes
ac_cv_header_stdint_h=yes
ac_cv_header_stdlib_h=yes
ac_cv_header_string_h=yes
ac_cv_header_strings_h=yes
ac_cv_header_sys_stat_h=yes
ac_cv_header_sys_types_h=yes
ac_cv_header_unistd_h=yes
ac_cv_host=x86_64-unknown-linux-gnu
ac_cv_objext=o
ac_cv_path_EGREP='/bin/grep -E'
ac_cv_path_GREP=/bin/grep
ac_cv_path_install='/usr/bin/install -c'
ac_cv_path_mkdir=/bin/mkdir
ac_cv_prog_AWK=gawk
ac_cv_prog_CPP='gcc -E'
ac_cv_prog_CXXCPP='g++ -E'
ac_cv_prog_ac_ct_CC=gcc
ac_cv_prog_ac_ct_CXX=g++
ac_cv_prog_cc_c89=
ac_cv_prog_cc_g=yes
ac_cv_prog_cxx_g=yes
ac_cv_prog_make_make_set=yes
ac_cv_sys_file_offset_bits=no
ac_cv_sys_largefile_CC=no
am_cv_CC_dependencies_compiler_type=pch
am_cv_CXX_dependencies_compiler_type=pch
cw_cv_lib_libcwd=no
cw_cv_prog_CXX_pch=yes

## ----------------- ##
## Output variables. ##
## ----------------- ##

ACLOCAL='${SHELL} /ilab/users/df328/Class-Project/CS214/Proj1/ext3grep-0.7.0/missing --run aclocal-1.10'
ACLOCAL_CWFLAGS='-I /usr/share/cwautomacros/m4'
AMDEPBACKSLASH='\'
AMDEP_FALSE='#'
AMDEP_TRUE=''
AMTAR='${SHELL} /ilab/users/df328/Class-Project/CS214/Proj1/ext3grep-0.7.0/missing --run tar'
AUTOCONF='${SHELL} /ilab/users/df328/Class-Project/CS214/Proj1/ext3grep-0.7.0/missing --run autoconf'
AUTOHEADER='${SHELL} /ilab/users/df328/Class-Project/CS214/Proj1/ext3grep-0.7.0/missing --run autoheader'
AUTOMAKE='${SHELL} /ilab/users/df328/Class-Project/CS214/Proj1/ext3grep-0.7.0/missing --run automake-1.10'
AWK='gawk'
CC='gcc'
CCDEPMODE='depmode=pch'
CC_FINGER_PRINT='gcc version 4.4.7 20120313 (Red Hat 4.4.7-3) (GCC) '
CFLAGS='-g -O2'
CPP='gcc -E'
CPPFLAGS=''
CWD_FLAGS=''
CWD_LIBS=''
CW_DEBUG_FLAGS=' -g'
CW_OPTIMISE_FLAGS=''
CW_STRIPPED_CXXFLAGS=' -DDEBUG'
CW_WARNING_FLAGS=''
CXX='g++'
CXXCPP='g++ -E'
CXXCPP_FINGER_PRINT='gcc version 4.4.7 20120313 (Red Hat 4.4.7-3) (GCC) '
CXXDEPMODE='depmode=pch'
CXXFLAGS='-g -DDEBUG -DUSE_MMAP=1 -I/usr/include/ext2fs -I/usr/include/et  '
CXXFLAGS_FINGER_PRINT='-g -DDEBUG -DUSE_MMAP=1 -I/usr/include/ext2fs -I/usr/include/et'
CXX_FINGER_PRINT='gcc version 4.4.7 20120313 (Red Hat 4.4.7-3) (GCC) '
CYGPATH_W='echo'
DEFS='-DHAVE_CONFIG_H'
DEPDIR='.deps'
DOXYGEN_CWDEBUG=''
DOXYGEN_DEBUG='DEBUG'
ECHO_C=''
ECHO_N='-n'
ECHO_T=''
EGREP='/bin/grep -E'
EXEEXT=''
GREP='/bin/grep'
INSTALL_DATA='${INSTALL} -m 644'
INSTALL_PROGRAM='${INSTALL}'
INSTALL_SCRIPT='${INSTALL}'
INSTALL_STRIP_PROGRAM='$(install_sh) -c -s'
LDFLAGS=''
LIBOBJS=''
LIBS=''
LTLIBOBJS=''
MAINT='#'
MAINTAINER_MODE_FALSE=''
MAINTAINER_MODE_TRUE='#'
MAKEINFO='${SHELL} /ilab/users/df328/Class-Project/CS214/Proj1/ext3grep-0.7.0/missing --run makeinfo'
Makefilein=''
OBJEXT='o'
PACKAGE='ext3grep'
PACKAGE_BUGREPORT='carlo@alinoe.com'
PACKAGE_NAME='ext3grep'
PACKAGE_STRING='ext3grep 0.7.0'
PACKAGE_TARNAME='ext3grep'
PACKAGE_VERSION='0.7.0'
PATH_SEPARATOR=':'
PCHFLAGS='-include pch.h'
SET_MAKE=''
SHELL='/bin/sh'
STRIP=''
USE_CWDEBUG_FALSE=''
USE_CWDEBUG_TRUE='#'
USE_DEBUG_FALSE='#'
USE_DEBUG_TRUE=''
USE_LIBCWD='no'
USE_PCH_FALSE='#'
USE_PCH_TRUE=''
USE_SVN_FALSE=''
USE_SVN_TRUE='#'
VERSION='0.7.0'
ac_ct_CC='gcc'
ac_ct_CXX='g++'
am__fastdepCC_FALSE=''
am__fastdepCC_TRUE='#'
am__fastdepCXX_FALSE=''
am__fastdepCXX_TRUE='#'
am__include='include'
am__isrc=''
am__leading_dot='.'
am__quote=''
am__tar='${AMTAR} chof - "$$tardir"'
am__untar='${AMTAR} xf -'
bindir='${exec_prefix}/bin'
build='x86_64-unknown-linux-gnu'
build_alias=''
build_cpu='x86_64'
build_os='linux-gnu'
build_vendor='unknown'
datadir='${datarootdir}'
datarootdir='${prefix}/share'
docdir='${datarootdir}/doc/${PACKAGE_TARNAME}'
dvidir='${docdir}'
exec_prefix='${prefix}'
host='x86_64-unknown-linux-gnu'
host_alias=''
host_cpu='x86_64'
host_os='linux-gnu'
host_vendor='unknown'
htmldir='${docdir}'
includedir='${prefix}/include'
infodir='${datarootdir}/info'
install_sh='$(SHELL) /ilab/users/df328/Class-Project/CS214/Proj1/ext3grep-0.7.0/install-sh'
libdir='${exec_prefix}/lib'
libexecdir='${exec_prefix}/libexec'
localedir='${datarootdir}/locale'
localstatedir='${prefix}/var'
mandir='${datarootdir}/man'
mkdir_p='/bin/mkdir -p'
oldincludedir='/usr/include'
pdfdir='${docdir}'
prefix='/usr/local'
program_transform_name='s,x,x,'
psdir='${docdir}'
sbindir='${exec_prefix}/sbin'
sharedstatedir='${prefix}/com'
sysconfdir='${prefix}/etc'
target_alias=''

## ----------- ##
## confdefs.h. ##
## ----------- ##

#define PACKAGE_NAME "ext3grep"
#define PACKAGE_TARNAME "ext3grep"
#define PACKAGE_VERSION "0.7.0"
#define PACKAGE_STRING "ext3grep 0.7.0"
#define PACKAGE_BUGREPORT "carlo@alinoe.com"
#define PACKAGE "ext3grep"
#define VERSION "0.7.0"
#define STDC_HEADERS 1
#define HAVE_SYS_TYPES_H 1
#define HAVE_SYS_STAT_H 1
#define HAVE_STDLIB_H 1
#define HAVE_STRING_H 1
#define HAVE_MEMORY_H 1
#define HAVE_STRINGS_H 1
#define HAVE_INTTYPES_H 1
#define HAVE_STDINT_H 1
#define HAVE_UNISTD_H 1
#define HAVE_EXT2FS_EXT2_FS_H 1
#define HAVE_EXT2FS_EXT2FS_H 1

configure: exit 0
